proguard/seeds.txt
com.google.zxing.oned.CodaBarReader
com.google.zxing.oned.CodaBarReader: float MAX_ACCEPTABLE
com.google.zxing.oned.CodaBarReader: float PADDING
com.google.zxing.oned.CodaBarReader: java.lang.String ALPHABET_STRING
com.google.zxing.oned.CodaBarReader: char[] ALPHABET
com.google.zxing.oned.CodaBarReader: int[] CHARACTER_ENCODINGS
com.google.zxing.oned.CodaBarReader: int MIN_CHARACTER_LENGTH
com.google.zxing.oned.CodaBarReader: char[] STARTEND_ENCODING
com.google.zxing.oned.CodaBarReader: java.lang.StringBuilder decodeRowResult
com.google.zxing.oned.CodaBarReader: int[] counters
com.google.zxing.oned.CodaBarReader: int counterLength
com.google.zxing.oned.CodaBarReader: CodaBarReader()
com.google.zxing.oned.CodaBarReader: com.google.zxing.Result decodeRow(int,com.google.zxing.common.BitArray,java.util.Map)
com.google.zxing.oned.CodaBarReader: void validatePattern(int)
com.google.zxing.oned.CodaBarReader: void setCounters(com.google.zxing.common.BitArray)
com.google.zxing.oned.CodaBarReader: void counterAppend(int)
com.google.zxing.oned.CodaBarReader: int findStartPattern()
com.google.zxing.oned.CodaBarReader: boolean arrayContains(char[],char)
com.google.zxing.oned.CodaBarReader: int toNarrowWidePattern(int)
com.google.zxing.oned.CodaBarReader: void <clinit>()
com.google.zxing.oned.CodaBarWriter
com.google.zxing.oned.CodaBarWriter: char[] START_END_CHARS
com.google.zxing.oned.CodaBarWriter: char[] ALT_START_END_CHARS
com.google.zxing.oned.CodaBarWriter: char[] CHARS_WHICH_ARE_TEN_LENGTH_EACH_AFTER_DECODED
com.google.zxing.oned.CodaBarWriter: CodaBarWriter()
com.google.zxing.oned.CodaBarWriter: boolean[] encode(java.lang.String)
com.google.zxing.oned.CodaBarWriter: void <clinit>()
com.google.zxing.oned.Code128Reader
com.google.zxing.oned.Code128Reader: int[][] CODE_PATTERNS
com.google.zxing.oned.Code128Reader: float MAX_AVG_VARIANCE
com.google.zxing.oned.Code128Reader: float MAX_INDIVIDUAL_VARIANCE
com.google.zxing.oned.Code128Reader: int CODE_SHIFT
com.google.zxing.oned.Code128Reader: int CODE_CODE_C
com.google.zxing.oned.Code128Reader: int CODE_CODE_B
com.google.zxing.oned.Code128Reader: int CODE_CODE_A
com.google.zxing.oned.Code128Reader: int CODE_FNC_1
com.google.zxing.oned.Code128Reader: int CODE_FNC_2
com.google.zxing.oned.Code128Reader: int CODE_FNC_3
com.google.zxing.oned.Code128Reader: int CODE_FNC_4_A
com.google.zxing.oned.Code128Reader: int CODE_FNC_4_B
com.google.zxing.oned.Code128Reader: int CODE_START_A
com.google.zxing.oned.Code128Reader: int CODE_START_B
com.google.zxing.oned.Code128Reader: int CODE_START_C
com.google.zxing.oned.Code128Reader: int CODE_STOP
com.google.zxing.oned.Code128Reader: Code128Reader()
com.google.zxing.oned.Code128Reader: int[] findStartPattern(com.google.zxing.common.BitArray)
com.google.zxing.oned.Code128Reader: int decodeCode(com.google.zxing.common.BitArray,int[],int)
com.google.zxing.oned.Code128Reader: com.google.zxing.Result decodeRow(int,com.google.zxing.common.BitArray,java.util.Map)
com.google.zxing.oned.Code128Reader: void <clinit>()