proguard/mapping.txt
com.google.inject.util.Modules$2 -> com.google.inject.util.Modules$2:
    java.util.Set val$modulesSet -> val$modulesSet
    void configure(com.google.inject.Binder) -> configure
com.google.inject.util.Modules$ModuleWriter -> com.google.inject.util.Modules$ModuleWriter:
    com.google.inject.Binder binder -> binder
    java.lang.Void visitOther(com.google.inject.spi.Element) -> visitOther
    void writeAll(java.lang.Iterable) -> writeAll
    java.lang.Object visitOther(com.google.inject.spi.Element) -> visitOther
com.google.inject.util.Modules$OverriddenModuleBuilder -> com.google.inject.util.Modules$OverriddenModuleBuilder:
    com.google.inject.Module with(com.google.inject.Module[]) -> with
    com.google.inject.Module with(java.lang.Iterable) -> with
com.google.inject.util.Modules$RealOverriddenModuleBuilder -> com.google.inject.util.Modules$RealOverriddenModuleBuilder:
    com.google.inject.internal.util.$ImmutableSet baseModules -> baseModules
    com.google.inject.Module with(com.google.inject.Module[]) -> with
    com.google.inject.Module with(java.lang.Iterable) -> with
    com.google.inject.internal.util.$ImmutableSet access$100(com.google.inject.util.Modules$RealOverriddenModuleBuilder) -> access$100
com.google.inject.util.Modules$RealOverriddenModuleBuilder$1 -> com.google.inject.util.Modules$RealOverriddenModuleBuilder$1:
    java.lang.Iterable val$overrides -> val$overrides
    com.google.inject.util.Modules$RealOverriddenModuleBuilder this$0 -> this$0
    void configure() -> configure
    com.google.inject.Scope getScopeInstanceOrNull(com.google.inject.Binding) -> getScopeInstanceOrNull
    com.google.inject.Scope access$200(com.google.inject.util.Modules$RealOverriddenModuleBuilder$1,com.google.inject.Binding) -> access$200
com.google.inject.util.Modules$RealOverriddenModuleBuilder$1$1 -> com.google.inject.util.Modules$RealOverriddenModuleBuilder$1$1:
    java.util.Set val$overriddenKeys -> val$overriddenKeys
    java.util.Set val$overridesScopeAnnotations -> val$overridesScopeAnnotations
    com.google.inject.util.Modules$RealOverriddenModuleBuilder$1 this$1 -> this$1
    java.lang.Void visit(com.google.inject.Binding) -> visit
    java.lang.Void visit(com.google.inject.spi.ScopeBinding) -> visit
    java.lang.Void visit(com.google.inject.spi.PrivateElements) -> visit
    java.lang.Object visit(com.google.inject.spi.PrivateElements) -> visit
    java.lang.Object visit(com.google.inject.spi.ScopeBinding) -> visit
    java.lang.Object visit(com.google.inject.Binding) -> visit
com.google.inject.util.Modules$RealOverriddenModuleBuilder$1$2 -> com.google.inject.util.Modules$RealOverriddenModuleBuilder$1$2:
    java.util.Set val$overriddenKeys -> val$overriddenKeys
    java.util.Map val$scopeInstancesInUse -> val$scopeInstancesInUse
    java.util.List val$scopeBindings -> val$scopeBindings
    com.google.inject.util.Modules$RealOverriddenModuleBuilder$1 this$1 -> this$1
    java.lang.Void visit(com.google.inject.Binding) -> visit
    void rewrite(com.google.inject.Binder,com.google.inject.spi.PrivateElements,java.util.Set) -> rewrite
    java.lang.Void visit(com.google.inject.spi.PrivateElements) -> visit
    java.lang.Void visit(com.google.inject.spi.ScopeBinding) -> visit
    java.lang.Object visit(com.google.inject.spi.PrivateElements) -> visit
    java.lang.Object visit(com.google.inject.spi.ScopeBinding) -> visit
    java.lang.Object visit(com.google.inject.Binding) -> visit