proguard/usage.txt
android.support.v4.view.accessibility.AccessibilityNodeInfoCompatJellyBean
android.support.v4.view.accessibility.AccessibilityNodeInfoCompatJellybeanMr2
android.support.v4.view.accessibility.AccessibilityNodeInfoCompatKitKat
android.support.v4.view.accessibility.AccessibilityNodeProviderCompat
android.support.v4.view.accessibility.AccessibilityNodeProviderCompat$AccessibilityNodeProviderImpl
android.support.v4.view.accessibility.AccessibilityNodeProviderCompat$AccessibilityNodeProviderJellyBeanImpl
android.support.v4.view.accessibility.AccessibilityNodeProviderCompat$AccessibilityNodeProviderJellyBeanImpl$1
android.support.v4.view.accessibility.AccessibilityNodeProviderCompat$AccessibilityNodeProviderKitKatImpl
android.support.v4.view.accessibility.AccessibilityNodeProviderCompat$AccessibilityNodeProviderKitKatImpl$1
android.support.v4.view.accessibility.AccessibilityNodeProviderCompat$AccessibilityNodeProviderStubImpl
android.support.v4.view.accessibility.AccessibilityNodeProviderCompatJellyBean
android.support.v4.view.accessibility.AccessibilityNodeProviderCompatJellyBean$1
android.support.v4.view.accessibility.AccessibilityNodeProviderCompatJellyBean$AccessibilityNodeInfoBridge
android.support.v4.view.accessibility.AccessibilityNodeProviderCompatKitKat
android.support.v4.view.accessibility.AccessibilityNodeProviderCompatKitKat$1
android.support.v4.view.accessibility.AccessibilityNodeProviderCompatKitKat$AccessibilityNodeInfoBridge
android.support.v4.view.accessibility.AccessibilityRecordCompat
android.support.v4.view.accessibility.AccessibilityRecordCompat$AccessibilityRecordIcsImpl
android.support.v4.view.accessibility.AccessibilityRecordCompat$AccessibilityRecordIcsMr1Impl
android.support.v4.view.accessibility.AccessibilityRecordCompat$AccessibilityRecordImpl
android.support.v4.view.accessibility.AccessibilityRecordCompat$AccessibilityRecordJellyBeanImpl
android.support.v4.view.accessibility.AccessibilityRecordCompat$AccessibilityRecordStubImpl
android.support.v4.view.accessibility.AccessibilityRecordCompatIcs
android.support.v4.view.accessibility.AccessibilityRecordCompatIcsMr1
android.support.v4.view.accessibility.AccessibilityRecordCompatJellyBean
android.support.v4.widget.AutoScrollHelper
android.support.v4.widget.AutoScrollHelper$1
android.support.v4.widget.AutoScrollHelper$ClampedScroller
android.support.v4.widget.AutoScrollHelper$ScrollAnimationRunnable
android.support.v4.widget.ContentLoadingProgressBar
android.support.v4.widget.ContentLoadingProgressBar$1
android.support.v4.widget.ContentLoadingProgressBar$2
android.support.v4.widget.CursorAdapter
android.support.v4.widget.CursorAdapter$1
android.support.v4.widget.CursorAdapter$ChangeObserver
android.support.v4.widget.CursorAdapter$MyDataSetObserver
android.support.v4.widget.CursorFilter
android.support.v4.widget.CursorFilter$CursorFilterClient